<?xml version="1.0" encoding="UTF-8"?>
<!-- Generated by org.testng.reporters.JUnitXMLReporter -->
<testsuite hostname="DESKTOP-C01PVB3" ignored="16" name="New iQapture App Test Cases" tests="12" failures="4" timestamp="06 Dec 2019 07:06:36 GMT" time="1982.101" errors="0">
  <testcase name="verify_Audit_Build_Do_user_permissions_Test" time="34.714" classname="com.testcases.BuildAuditPageTest"/>
  <testcase name="verify_Audit_Build_Edit_user_permissions_Test" time="71.556" classname="com.testcases.BuildAuditPageTest">
    <skipped/>
  </testcase> <!-- verify_Audit_Build_Edit_user_permissions_Test -->
  <testcase name="verify_Audit_Build_Edit_user_permissions_Test" time="72.897" classname="com.testcases.BuildAuditPageTest">
    <failure type="org.openqa.selenium.NoSuchElementException" message="no such element: Unable to locate element: {&amp;quot;method&amp;quot;:&amp;quot;xpath&amp;quot;,&amp;quot;selector&amp;quot;:&amp;quot;//span[text()=&amp;apos;Q1&amp;apos;]&amp;quot;}
  (Session info: chrome=78.0.3904.108)
  (Driver info: chromedriver=2.44.609538 (b655c5a60b0b544917107a59d4153d4bf78e1b90),platform=Windows NT 10.0.18362 x86_64) (WARNING: The server did not provide any stacktrace information)
Command duration or timeout: 0 milliseconds
For documentation on this error, please visit: https://www.seleniumhq.org/exceptions/no_such_element.html
Build info: version: &amp;apos;3.141.59&amp;apos;, revision: &amp;apos;e82be7d358&amp;apos;, time: &amp;apos;2018-11-14T08:17:03&amp;apos;
System info: host: &amp;apos;DESKTOP-C01PVB3&amp;apos;, ip: &amp;apos;192.168.0.103&amp;apos;, os.name: &amp;apos;Windows 10&amp;apos;, os.arch: &amp;apos;amd64&amp;apos;, os.version: &amp;apos;10.0&amp;apos;, java.version: &amp;apos;1.8.0_212&amp;apos;
Driver info: org.openqa.selenium.chrome.ChromeDriver
Capabilities {acceptInsecureCerts: false, acceptSslCerts: false, applicationCacheEnabled: false, browserConnectionEnabled: false, browserName: chrome, chrome: {chromedriverVersion: 2.44.609538 (b655c5a60b0b54..., userDataDir: C:\Users\Mahesh\AppData\Loc...}, cssSelectorsEnabled: true, databaseEnabled: false, goog:chromeOptions: {debuggerAddress: localhost:50155}, handlesAlerts: true, hasTouchScreen: false, javascriptEnabled: true, locationContextEnabled: true, mobileEmulationEnabled: false, nativeEvents: true, networkConnectionEnabled: false, pageLoadStrategy: normal, platform: XP, platformName: XP, rotatable: false, setWindowRect: true, takesHeapSnapshot: true, takesScreenshot: true, unexpectedAlertBehaviour: ignore, unhandledPromptBehavior: ignore, version: 78.0.3904.108, webStorageEnabled: true}
Session ID: 937651691924945a4de62b05770dab53
*** Element info: {Using=xpath, value=//span[text()=&amp;apos;Q1&amp;apos;]}">
      <![CDATA[org.openqa.selenium.NoSuchElementException: no such element: Unable to locate element: {"method":"xpath","selector":"//span[text()='Q1']"}
  (Session info: chrome=78.0.3904.108)
  (Driver info: chromedriver=2.44.609538 (b655c5a60b0b544917107a59d4153d4bf78e1b90),platform=Windows NT 10.0.18362 x86_64) (WARNING: The server did not provide any stacktrace information)
Command duration or timeout: 0 milliseconds
For documentation on this error, please visit: https://www.seleniumhq.org/exceptions/no_such_element.html
Build info: version: '3.141.59', revision: 'e82be7d358', time: '2018-11-14T08:17:03'
System info: host: 'DESKTOP-C01PVB3', ip: '192.168.0.103', os.name: 'Windows 10', os.arch: 'amd64', os.version: '10.0', java.version: '1.8.0_212'
Driver info: org.openqa.selenium.chrome.ChromeDriver
Capabilities {acceptInsecureCerts: false, acceptSslCerts: false, applicationCacheEnabled: false, browserConnectionEnabled: false, browserName: chrome, chrome: {chromedriverVersion: 2.44.609538 (b655c5a60b0b54..., userDataDir: C:\Users\Mahesh\AppData\Loc...}, cssSelectorsEnabled: true, databaseEnabled: false, goog:chromeOptions: {debuggerAddress: localhost:50155}, handlesAlerts: true, hasTouchScreen: false, javascriptEnabled: true, locationContextEnabled: true, mobileEmulationEnabled: false, nativeEvents: true, networkConnectionEnabled: false, pageLoadStrategy: normal, platform: XP, platformName: XP, rotatable: false, setWindowRect: true, takesHeapSnapshot: true, takesScreenshot: true, unexpectedAlertBehaviour: ignore, unhandledPromptBehavior: ignore, version: 78.0.3904.108, webStorageEnabled: true}
Session ID: 937651691924945a4de62b05770dab53
*** Element info: {Using=xpath, value=//span[text()='Q1']}
at org.openqa.selenium.remote.ErrorHandler.createThrowable(ErrorHandler.java:214)
at org.openqa.selenium.remote.ErrorHandler.throwIfResponseFailed(ErrorHandler.java:166)
at org.openqa.selenium.remote.http.JsonHttpResponseCodec.reconstructValue(JsonHttpResponseCodec.java:40)
at org.openqa.selenium.remote.http.AbstractHttpResponseCodec.decode(AbstractHttpResponseCodec.java:80)
at org.openqa.selenium.remote.http.AbstractHttpResponseCodec.decode(AbstractHttpResponseCodec.java:44)
at org.openqa.selenium.remote.HttpCommandExecutor.execute(HttpCommandExecutor.java:158)
at org.openqa.selenium.remote.service.DriverCommandExecutor.execute(DriverCommandExecutor.java:83)
at org.openqa.selenium.remote.RemoteWebDriver.execute(RemoteWebDriver.java:552)
at org.openqa.selenium.remote.RemoteWebDriver.findElement(RemoteWebDriver.java:323)
at org.openqa.selenium.remote.RemoteWebDriver.findElementByXPath(RemoteWebDriver.java:428)
at org.openqa.selenium.By$ByXPath.findElement(By.java:353)
at org.openqa.selenium.remote.RemoteWebDriver.findElement(RemoteWebDriver.java:315)
at org.openqa.selenium.support.events.EventFiringWebDriver.lambda$new$1(EventFiringWebDriver.java:105)
at com.sun.proxy.$Proxy7.findElement(Unknown Source)
at org.openqa.selenium.support.events.EventFiringWebDriver.findElement(EventFiringWebDriver.java:194)
at com.pages.BuildAuditsPage.verify_Audit_Build_Edit_user_permissions(BuildAuditsPage.java:883)
at com.testcases.BuildAuditPageTest.verify_Audit_Build_Edit_user_permissions_Test(BuildAuditPageTest.java:124)
... Removed 32 stack frames]]>
    </failure>
  </testcase> <!-- verify_Audit_Build_Edit_user_permissions_Test -->
  <testcase name="verify_Audit_Build_Owner_user_permissions_Test" time="54.066" classname="com.testcases.BuildAuditPageTest"/>
  <testcase name="verify_Audit_Capture_Do_user_permissions_Test" time="258.122" classname="com.testcases.BuildAuditPageTest">
    <skipped/>
  </testcase> <!-- verify_Audit_Capture_Do_user_permissions_Test -->
  <testcase name="verify_Audit_Capture_Do_user_permissions_Test" time="221.975" classname="com.testcases.BuildAuditPageTest">
    <failure type="org.openqa.selenium.TimeoutException" message="Expected condition failed: waiting for com.util.AjaxLibrary$1@5dd79a57 (tried for 180 second(s) with 500 milliseconds interval)
Build info: version: &amp;apos;3.141.59&amp;apos;, revision: &amp;apos;e82be7d358&amp;apos;, time: &amp;apos;2018-11-14T08:17:03&amp;apos;
System info: host: &amp;apos;DESKTOP-C01PVB3&amp;apos;, ip: &amp;apos;192.168.0.103&amp;apos;, os.name: &amp;apos;Windows 10&amp;apos;, os.arch: &amp;apos;amd64&amp;apos;, os.version: &amp;apos;10.0&amp;apos;, java.version: &amp;apos;1.8.0_212&amp;apos;
Driver info: org.openqa.selenium.support.events.EventFiringWebDriver
Capabilities {acceptInsecureCerts: false, acceptSslCerts: false, applicationCacheEnabled: false, browserConnectionEnabled: false, browserName: chrome, chrome: {chromedriverVersion: 2.44.609538 (b655c5a60b0b54..., userDataDir: C:\Users\Mahesh\AppData\Loc...}, cssSelectorsEnabled: true, databaseEnabled: false, goog:chromeOptions: {debuggerAddress: localhost:50256}, handlesAlerts: true, hasTouchScreen: false, javascriptEnabled: true, locationContextEnabled: true, mobileEmulationEnabled: false, nativeEvents: true, networkConnectionEnabled: false, pageLoadStrategy: normal, platform: XP, platformName: XP, rotatable: false, setWindowRect: true, takesHeapSnapshot: true, takesScreenshot: true, unexpectedAlertBehaviour: ignore, unhandledPromptBehavior: ignore, version: 78.0.3904.108, webStorageEnabled: true}
Session ID: 7a83042904a184b454d318c708aae019">
      <![CDATA[org.openqa.selenium.TimeoutException: Expected condition failed: waiting for com.util.AjaxLibrary$1@5dd79a57 (tried for 180 second(s) with 500 milliseconds interval)
Build info: version: '3.141.59', revision: 'e82be7d358', time: '2018-11-14T08:17:03'
System info: host: 'DESKTOP-C01PVB3', ip: '192.168.0.103', os.name: 'Windows 10', os.arch: 'amd64', os.version: '10.0', java.version: '1.8.0_212'
Driver info: org.openqa.selenium.support.events.EventFiringWebDriver
Capabilities {acceptInsecureCerts: false, acceptSslCerts: false, applicationCacheEnabled: false, browserConnectionEnabled: false, browserName: chrome, chrome: {chromedriverVersion: 2.44.609538 (b655c5a60b0b54..., userDataDir: C:\Users\Mahesh\AppData\Loc...}, cssSelectorsEnabled: true, databaseEnabled: false, goog:chromeOptions: {debuggerAddress: localhost:50256}, handlesAlerts: true, hasTouchScreen: false, javascriptEnabled: true, locationContextEnabled: true, mobileEmulationEnabled: false, nativeEvents: true, networkConnectionEnabled: false, pageLoadStrategy: normal, platform: XP, platformName: XP, rotatable: false, setWindowRect: true, takesHeapSnapshot: true, takesScreenshot: true, unexpectedAlertBehaviour: ignore, unhandledPromptBehavior: ignore, version: 78.0.3904.108, webStorageEnabled: true}
Session ID: 7a83042904a184b454d318c708aae019
at org.openqa.selenium.support.ui.WebDriverWait.timeoutException(WebDriverWait.java:95)
at org.openqa.selenium.support.ui.FluentWait.until(FluentWait.java:272)
at com.util.AjaxLibrary.waitForAjax(AjaxLibrary.java:34)
at com.util.AjaxLibrary.jsClick(AjaxLibrary.java:50)
at com.pages.BuildAuditsPage.verify_Audit_Capture_Do_user_permissions(BuildAuditsPage.java:1193)
at com.testcases.BuildAuditPageTest.verify_Audit_Capture_Do_user_permissions_Test(BuildAuditPageTest.java:171)
... Removed 25 stack frames]]>
    </failure>
  </testcase> <!-- verify_Audit_Capture_Do_user_permissions_Test -->
  <testcase name="verify_Audit_Capture_Edit_user_permissions_Test" time="251.31" classname="com.testcases.BuildAuditPageTest">
    <skipped/>
  </testcase> <!-- verify_Audit_Capture_Edit_user_permissions_Test -->
  <testcase name="verify_Audit_Capture_Edit_user_permissions_Test" time="225.704" classname="com.testcases.BuildAuditPageTest">
    <failure type="org.openqa.selenium.TimeoutException" message="Expected condition failed: waiting for com.util.AjaxLibrary$1@3eb999b2 (tried for 180 second(s) with 500 milliseconds interval)
Build info: version: &amp;apos;3.141.59&amp;apos;, revision: &amp;apos;e82be7d358&amp;apos;, time: &amp;apos;2018-11-14T08:17:03&amp;apos;
System info: host: &amp;apos;DESKTOP-C01PVB3&amp;apos;, ip: &amp;apos;192.168.0.103&amp;apos;, os.name: &amp;apos;Windows 10&amp;apos;, os.arch: &amp;apos;amd64&amp;apos;, os.version: &amp;apos;10.0&amp;apos;, java.version: &amp;apos;1.8.0_212&amp;apos;
Driver info: org.openqa.selenium.support.events.EventFiringWebDriver
Capabilities {acceptInsecureCerts: false, acceptSslCerts: false, applicationCacheEnabled: false, browserConnectionEnabled: false, browserName: chrome, chrome: {chromedriverVersion: 2.44.609538 (b655c5a60b0b54..., userDataDir: C:\Users\Mahesh\AppData\Loc...}, cssSelectorsEnabled: true, databaseEnabled: false, goog:chromeOptions: {debuggerAddress: localhost:50324}, handlesAlerts: true, hasTouchScreen: false, javascriptEnabled: true, locationContextEnabled: true, mobileEmulationEnabled: false, nativeEvents: true, networkConnectionEnabled: false, pageLoadStrategy: normal, platform: XP, platformName: XP, rotatable: false, setWindowRect: true, takesHeapSnapshot: true, takesScreenshot: true, unexpectedAlertBehaviour: ignore, unhandledPromptBehavior: ignore, version: 78.0.3904.108, webStorageEnabled: true}
Session ID: aac638246f0b62b4fb9ccd8d22fc6470">
      <![CDATA[org.openqa.selenium.TimeoutException: Expected condition failed: waiting for com.util.AjaxLibrary$1@3eb999b2 (tried for 180 second(s) with 500 milliseconds interval)
Build info: version: '3.141.59', revision: 'e82be7d358', time: '2018-11-14T08:17:03'
System info: host: 'DESKTOP-C01PVB3', ip: '192.168.0.103', os.name: 'Windows 10', os.arch: 'amd64', os.version: '10.0', java.version: '1.8.0_212'
Driver info: org.openqa.selenium.support.events.EventFiringWebDriver
Capabilities {acceptInsecureCerts: false, acceptSslCerts: false, applicationCacheEnabled: false, browserConnectionEnabled: false, browserName: chrome, chrome: {chromedriverVersion: 2.44.609538 (b655c5a60b0b54..., userDataDir: C:\Users\Mahesh\AppData\Loc...}, cssSelectorsEnabled: true, databaseEnabled: false, goog:chromeOptions: {debuggerAddress: localhost:50324}, handlesAlerts: true, hasTouchScreen: false, javascriptEnabled: true, locationContextEnabled: true, mobileEmulationEnabled: false, nativeEvents: true, networkConnectionEnabled: false, pageLoadStrategy: normal, platform: XP, platformName: XP, rotatable: false, setWindowRect: true, takesHeapSnapshot: true, takesScreenshot: true, unexpectedAlertBehaviour: ignore, unhandledPromptBehavior: ignore, version: 78.0.3904.108, webStorageEnabled: true}
Session ID: aac638246f0b62b4fb9ccd8d22fc6470
at org.openqa.selenium.support.ui.WebDriverWait.timeoutException(WebDriverWait.java:95)
at org.openqa.selenium.support.ui.FluentWait.until(FluentWait.java:272)
at com.util.AjaxLibrary.waitForAjax(AjaxLibrary.java:34)
at com.util.AjaxLibrary.jsClick(AjaxLibrary.java:50)
at com.pages.BuildAuditsPage.verify_Audit_Capture_Edit_user_permissions(BuildAuditsPage.java:1124)
at com.testcases.BuildAuditPageTest.verify_Audit_Capture_Edit_user_permissions_Test(BuildAuditPageTest.java:161)
... Removed 25 stack frames]]>
    </failure>
  </testcase> <!-- verify_Audit_Capture_Edit_user_permissions_Test -->
  <testcase name="verify_Audit_Capture_Owner_user_permissions_Test" time="249.299" classname="com.testcases.BuildAuditPageTest">
    <skipped/>
  </testcase> <!-- verify_Audit_Capture_Owner_user_permissions_Test -->
  <testcase name="verify_Audit_Capture_Owner_user_permissions_Test" time="224.623" classname="com.testcases.BuildAuditPageTest">
    <failure type="org.openqa.selenium.TimeoutException" message="Expected condition failed: waiting for com.util.AjaxLibrary$1@6ae0c053 (tried for 180 second(s) with 500 milliseconds interval)
Build info: version: &amp;apos;3.141.59&amp;apos;, revision: &amp;apos;e82be7d358&amp;apos;, time: &amp;apos;2018-11-14T08:17:03&amp;apos;
System info: host: &amp;apos;DESKTOP-C01PVB3&amp;apos;, ip: &amp;apos;192.168.0.103&amp;apos;, os.name: &amp;apos;Windows 10&amp;apos;, os.arch: &amp;apos;amd64&amp;apos;, os.version: &amp;apos;10.0&amp;apos;, java.version: &amp;apos;1.8.0_212&amp;apos;
Driver info: org.openqa.selenium.support.events.EventFiringWebDriver
Capabilities {acceptInsecureCerts: false, acceptSslCerts: false, applicationCacheEnabled: false, browserConnectionEnabled: false, browserName: chrome, chrome: {chromedriverVersion: 2.44.609538 (b655c5a60b0b54..., userDataDir: C:\Users\Mahesh\AppData\Loc...}, cssSelectorsEnabled: true, databaseEnabled: false, goog:chromeOptions: {debuggerAddress: localhost:50399}, handlesAlerts: true, hasTouchScreen: false, javascriptEnabled: true, locationContextEnabled: true, mobileEmulationEnabled: false, nativeEvents: true, networkConnectionEnabled: false, pageLoadStrategy: normal, platform: XP, platformName: XP, rotatable: false, setWindowRect: true, takesHeapSnapshot: true, takesScreenshot: true, unexpectedAlertBehaviour: ignore, unhandledPromptBehavior: ignore, version: 78.0.3904.108, webStorageEnabled: true}
Session ID: 89318aa3960607c5503b8dce32da1ef7">
      <![CDATA[org.openqa.selenium.TimeoutException: Expected condition failed: waiting for com.util.AjaxLibrary$1@6ae0c053 (tried for 180 second(s) with 500 milliseconds interval)
Build info: version: '3.141.59', revision: 'e82be7d358', time: '2018-11-14T08:17:03'
System info: host: 'DESKTOP-C01PVB3', ip: '192.168.0.103', os.name: 'Windows 10', os.arch: 'amd64', os.version: '10.0', java.version: '1.8.0_212'
Driver info: org.openqa.selenium.support.events.EventFiringWebDriver
Capabilities {acceptInsecureCerts: false, acceptSslCerts: false, applicationCacheEnabled: false, browserConnectionEnabled: false, browserName: chrome, chrome: {chromedriverVersion: 2.44.609538 (b655c5a60b0b54..., userDataDir: C:\Users\Mahesh\AppData\Loc...}, cssSelectorsEnabled: true, databaseEnabled: false, goog:chromeOptions: {debuggerAddress: localhost:50399}, handlesAlerts: true, hasTouchScreen: false, javascriptEnabled: true, locationContextEnabled: true, mobileEmulationEnabled: false, nativeEvents: true, networkConnectionEnabled: false, pageLoadStrategy: normal, platform: XP, platformName: XP, rotatable: false, setWindowRect: true, takesHeapSnapshot: true, takesScreenshot: true, unexpectedAlertBehaviour: ignore, unhandledPromptBehavior: ignore, version: 78.0.3904.108, webStorageEnabled: true}
Session ID: 89318aa3960607c5503b8dce32da1ef7
at org.openqa.selenium.support.ui.WebDriverWait.timeoutException(WebDriverWait.java:95)
at org.openqa.selenium.support.ui.FluentWait.until(FluentWait.java:272)
at com.util.AjaxLibrary.waitForAjax(AjaxLibrary.java:34)
at com.util.AjaxLibrary.jsClick(AjaxLibrary.java:50)
at com.pages.BuildAuditsPage.verify_Audit_Capture_Owner_user_permissions(BuildAuditsPage.java:1055)
at com.testcases.BuildAuditPageTest.verify_Audit_Capture_Owner_user_permissions_Test(BuildAuditPageTest.java:151)
... Removed 25 stack frames]]>
    </failure>
  </testcase> <!-- verify_Audit_Capture_Owner_user_permissions_Test -->
  <testcase name="verify_Audit_Build_View_user_permissions_Test" time="39.875" classname="com.testcases.BuildAuditPageTest"/>
  <testcase name="verify_Audit_Capture_View_user_permissions_Test" time="0.0" classname="com.testcases.BuildAuditPageTest">
    <skipped/>
  </testcase> <!-- verify_Audit_Capture_View_user_permissions_Test -->
  <testcase name="verify_Audit_search_option_Test" time="0.0" classname="com.testcases.BuildAuditPageTest">
    <ignored/>
  </testcase> <!-- verify_Audit_search_option_Test -->
  <testcase name="verify_Open_and_close_field_panel_and_Delete_created_field_Test" time="0.0" classname="com.testcases.BuildAuditPageTest">
    <ignored/>
  </testcase> <!-- verify_Open_and_close_field_panel_and_Delete_created_field_Test -->
  <testcase name="verify_Analyse_Edit_user_permissions_Test" time="0.0" classname="com.testcases.BuildAuditPageTest">
    <ignored/>
  </testcase> <!-- verify_Analyse_Edit_user_permissions_Test -->
  <testcase name="verify_Analyse_Do_user_permissions_Test" time="0.0" classname="com.testcases.BuildAuditPageTest">
    <ignored/>
  </testcase> <!-- verify_Analyse_Do_user_permissions_Test -->
  <testcase name="verify_Show_audit_log_and_Trash_can_action_options_Test" time="0.0" classname="com.testcases.BuildAuditPageTest">
    <ignored/>
  </testcase> <!-- verify_Show_audit_log_and_Trash_can_action_options_Test -->
  <testcase name="verify_Add_Schedules_and_delete_schedule_against_the_audit_Test" time="0.0" classname="com.testcases.BuildAuditPageTest">
    <ignored/>
  </testcase> <!-- verify_Add_Schedules_and_delete_schedule_against_the_audit_Test -->
  <testcase name="verify_Description_field_error_message_Test" time="0.0" classname="com.testcases.BuildAuditPageTest">
    <ignored/>
  </testcase> <!-- verify_Description_field_error_message_Test -->
  <testcase name="verify_Error_message_for_invalid_search_Test" time="0.0" classname="com.testcases.BuildAuditPageTest">
    <ignored/>
  </testcase> <!-- verify_Error_message_for_invalid_search_Test -->
  <testcase name="verify_AuditsTab_Test" time="0.0" classname="com.testcases.BuildAuditPageTest">
    <ignored/>
  </testcase> <!-- verify_AuditsTab_Test -->
  <testcase name="verify_Delete_audit_Test" time="0.0" classname="com.testcases.BuildAuditPageTest">
    <ignored/>
  </testcase> <!-- verify_Delete_audit_Test -->
  <testcase name="verify_Add_people_and_company_and_Delete_added_people_and_company_against_the_audit_Test" time="0.0" classname="com.testcases.BuildAuditPageTest">
    <ignored/>
  </testcase> <!-- verify_Add_people_and_company_and_Delete_added_people_and_company_against_the_audit_Test -->
  <testcase name="verify_Add_dataset_to_audit_Test" time="0.0" classname="com.testcases.BuildAuditPageTest">
    <ignored/>
  </testcase> <!-- verify_Add_dataset_to_audit_Test -->
  <testcase name="verify_Download_and_Upload_questions_template_Test" time="0.0" classname="com.testcases.BuildAuditPageTest">
    <ignored/>
  </testcase> <!-- verify_Download_and_Upload_questions_template_Test -->
  <testcase name="verify_Create_audit_and_upload_image_to_audit_Test" time="0.0" classname="com.testcases.BuildAuditPageTest">
    <ignored/>
  </testcase> <!-- verify_Create_audit_and_upload_image_to_audit_Test -->
  <testcase name="verify_Analyse_Owner_user_permissions_Test" time="0.0" classname="com.testcases.BuildAuditPageTest">
    <ignored/>
  </testcase> <!-- verify_Analyse_Owner_user_permissions_Test -->
  <testcase name="verify_Analyse_View_user_permissions_Test" time="0.0" classname="com.testcases.BuildAuditPageTest">
    <ignored/>
  </testcase> <!-- verify_Analyse_View_user_permissions_Test -->
</testsuite> <!-- New iQapture App Test Cases -->
