<?xml version="1.0" encoding="UTF-8"?>
<!-- Generated by org.testng.reporters.JUnitReportReporter -->
<testsuite skipped="7" hostname="DESKTOP-C01PVB3" name="com.testcases.AuditAnalysePageTest" tests="8" failures="1" timestamp="28 Apr 2020 04:49:11 GMT" time="96.260" errors="0">
  <testcase name="Swaping_columns_Test" time="96.260" classname="com.testcases.AuditAnalysePageTest">
    <failure type="java.lang.AssertionError" message="The following asserts failed:
	Columns headers not swapped expected [true] but found [false]">
      <![CDATA[java.lang.AssertionError: The following asserts failed:
Columns headers not swapped expected [true] but found [false]
at org.testng.asserts.SoftAssert.assertAll(SoftAssert.java:43)
at com.pages.AuditAnalysePage.verify_Swaping_columns(AuditAnalysePage.java:708)
at com.testcases.AuditAnalysePageTest.Swaping_columns_Test(AuditAnalysePageTest.java:72)
at sun.reflect.NativeMethodAccessorImpl.invoke0(Native Method)
at sun.reflect.NativeMethodAccessorImpl.invoke(NativeMethodAccessorImpl.java:62)
at sun.reflect.DelegatingMethodAccessorImpl.invoke(DelegatingMethodAccessorImpl.java:43)
at java.lang.reflect.Method.invoke(Method.java:498)
at org.testng.internal.MethodInvocationHelper.invokeMethod(MethodInvocationHelper.java:124)
at org.testng.internal.Invoker.invokeMethod(Invoker.java:583)
at org.testng.internal.Invoker.invokeTestMethod(Invoker.java:719)
at org.testng.internal.Invoker.invokeTestMethods(Invoker.java:989)
at org.testng.internal.TestMethodWorker.invokeTestMethods(TestMethodWorker.java:125)
at org.testng.internal.TestMethodWorker.run(TestMethodWorker.java:109)
at org.testng.TestRunner.privateRun(TestRunner.java:648)
at org.testng.TestRunner.run(TestRunner.java:505)
at org.testng.SuiteRunner.runTest(SuiteRunner.java:455)
at org.testng.SuiteRunner.runSequentially(SuiteRunner.java:450)
at org.testng.SuiteRunner.privateRun(SuiteRunner.java:415)
at org.testng.SuiteRunner.run(SuiteRunner.java:364)
at org.testng.SuiteRunnerWorker.runSuite(SuiteRunnerWorker.java:52)
at org.testng.SuiteRunnerWorker.run(SuiteRunnerWorker.java:84)
at org.testng.TestNG.runSuitesSequentially(TestNG.java:1208)
at org.testng.TestNG.runSuitesLocally(TestNG.java:1137)
at org.testng.TestNG.runSuites(TestNG.java:1049)
at org.testng.TestNG.run(TestNG.java:1017)
at org.testng.remote.AbstractRemoteTestNG.run(AbstractRemoteTestNG.java:115)
at org.testng.remote.RemoteTestNG.initAndRun(RemoteTestNG.java:251)
at org.testng.remote.RemoteTestNG.main(RemoteTestNG.java:77)
]]>
    </failure>
  </testcase> <!-- Swaping_columns_Test -->
  <testcase name="ScatterChart_Design_Report_Test" classname="com.testcases.AuditAnalysePageTest">
    <skipped/>
  </testcase> <!-- ScatterChart_Design_Report_Test -->
  <testcase name="BoxPlotChart_Design_Report_Test" classname="com.testcases.AuditAnalysePageTest">
    <skipped/>
  </testcase> <!-- BoxPlotChart_Design_Report_Test -->
  <testcase name="BubbleChart_Design_Report_Test" classname="com.testcases.AuditAnalysePageTest">
    <skipped/>
  </testcase> <!-- BubbleChart_Design_Report_Test -->
  <testcase name="RoseChart_Design_Report_Test" classname="com.testcases.AuditAnalysePageTest">
    <skipped/>
  </testcase> <!-- RoseChart_Design_Report_Test -->
  <testcase name="Drop_sort_field_Ascending_and_Descending_Order_Test" classname="com.testcases.AuditAnalysePageTest">
    <skipped/>
  </testcase> <!-- Drop_sort_field_Ascending_and_Descending_Order_Test -->
  <testcase name="SpiderChart_Design_Report_Test" classname="com.testcases.AuditAnalysePageTest">
    <skipped/>
  </testcase> <!-- SpiderChart_Design_Report_Test -->
  <testcase name="Total_of_the_selected_field_report_Test" classname="com.testcases.AuditAnalysePageTest">
    <skipped/>
  </testcase> <!-- Total_of_the_selected_field_report_Test -->
</testsuite> <!-- com.testcases.AuditAnalysePageTest -->
